2024-12-04 18:38:30,701 [INFO] Activator:176 - 


2024-12-04 18:38:30,703 [INFO] Activator:177 - !SESSION log4j initialized
2024-12-04 18:38:33,137 [ERROR] LogOutputStream:75 - [STDERR_REDIRECT] 
2024-12-04 18:38:35,243 [INFO] LogOutputStream:77 - [STDOUT_REDIRECT] 
2024-12-04 18:38:36,602 [ERROR] LogOutputStream:75 - [STDERR_REDIRECT] [Fatal Error] :2:10: DOCTYPE is disallowed when the feature "http://apache.org/xml/features/disallow-doctype-decl" set to true.
2024-12-04 18:38:36,603 [ERROR] LogOutputStream:75 - [STDERR_REDIRECT] 
2024-12-04 18:38:40,396 [INFO] ApplicationProperties:184 - Using Application install path: /Applications/STM32CubeIDE.app/Contents/Eclipse/plugins/com.st.stm32cube.common.mx_6.13.0.202411220809
2024-12-04 18:38:40,407 [INFO] DbMcusXml:78 - Set database path to: /Applications/STM32CubeIDE.app/Contents/Eclipse/plugins/com.st.stm32cube.common.mx_6.13.0.202411220809//db//mcu/
2024-12-04 18:38:40,408 [INFO] ApiDb:274 - Set plugin database path to: /Applications/STM32CubeIDE.app/Contents/Eclipse/plugins/com.st.stm32cube.common.mx_6.13.0.202411220809//db//plugins/boardmanager/
2024-12-04 18:38:40,408 [WARN] ApiDb:259 - Overriding images path with different value:  => /Applications/STM32CubeIDE.app/Contents/Eclipse/plugins/com.st.stm32cube.common.mx_6.13.0.202411220809//db//plugins/mcufinder/images/
2024-12-04 18:38:41,068 [WARN] ApiFinderProperties:113 - /Users/daniilbykov/.stmcufinder/plugins/mcufinder/mcu/mcuFinder.mfd doesn't exist
2024-12-04 18:38:41,068 [INFO] ApiDb:250 - Set database path to: /Users/daniilbykov/.stmcufinder/plugins/mcufinder//mcu/
2024-12-04 18:38:41,069 [INFO] DbMcusAds:125 - Set database path to: /Users/daniilbykov/.stmcufinder/plugins/mcufinder//mcu/
2024-12-04 18:38:41,071 [INFO] CrossReferenceDbSqlite:203 - Set database path to: /Users/daniilbykov/.stmcufinder/plugins/mcufinder//mcu/cs/
2024-12-04 18:38:41,171 [INFO] RulesReader:64 - Compatibility file has been processed (297 Rules)
2024-12-04 18:38:41,238 [INFO] DbMcusXml:78 - Set database path to: /Applications/STM32CubeIDE.app/Contents/Eclipse/plugins/com.st.stm32cube.common.mx_6.13.0.202411220809//db//mcu/
2024-12-04 18:38:41,239 [INFO] ApiDb:274 - Set plugin database path to: /Applications/STM32CubeIDE.app/Contents/Eclipse/plugins/com.st.stm32cube.common.mx_6.13.0.202411220809//db//plugins/boardmanager/
2024-12-04 18:38:41,239 [INFO] ApiDb:261 - Set plugin images path to: /Applications/STM32CubeIDE.app/Contents/Eclipse/plugins/com.st.stm32cube.common.mx_6.13.0.202411220809//db//plugins/mcufinder/images/
2024-12-04 18:38:41,240 [WARN] DbFile:41 - Overriding database path with different value: /Users/daniilbykov/.stmcufinder/plugins/mcufinder/ => /Users/daniilbykov/.stmcufinder/plugins/mcufinder
2024-12-04 18:38:41,240 [INFO] ApiDb:250 - Set database path to: /Users/daniilbykov/.stmcufinder/plugins/mcufinder//mcu/
2024-12-04 18:38:41,240 [WARN] DbFile:41 - Overriding database path with different value: /Users/daniilbykov/.stmcufinder/plugins/mcufinder/ => /Users/daniilbykov/.stmcufinder/plugins/mcufinder
2024-12-04 18:38:41,240 [INFO] DbMcusAds:125 - Set database path to: /Users/daniilbykov/.stmcufinder/plugins/mcufinder//mcu/
2024-12-04 18:38:41,240 [WARN] DbFile:41 - Overriding database path with different value: /Users/daniilbykov/.stmcufinder/plugins/mcufinder/ => /Users/daniilbykov/.stmcufinder/plugins/mcufinder
2024-12-04 18:38:41,240 [WARN] DbFile:41 - Overriding database path with different value: /Users/daniilbykov/.stmcufinder/plugins/mcufinder/ => /Users/daniilbykov/.stmcufinder/plugins/mcufinder
2024-12-04 18:38:41,240 [INFO] CrossReferenceDbSqlite:203 - Set database path to: /Users/daniilbykov/.stmcufinder/plugins/mcufinder//mcu/cs/
2024-12-04 18:38:41,298 [INFO] MainPanel:272 - HeapMemory: 347078656
2024-12-04 18:38:41,730 [INFO] DbMcusXml:78 - Set database path to: /Applications/STM32CubeIDE.app/Contents/Eclipse/plugins/com.st.stm32cube.common.mx_6.13.0.202411220809//db//mcu/
2024-12-04 18:38:41,730 [INFO] ApiDb:274 - Set plugin database path to: /Applications/STM32CubeIDE.app/Contents/Eclipse/plugins/com.st.stm32cube.common.mx_6.13.0.202411220809//db//plugins/boardmanager/
2024-12-04 18:38:41,730 [INFO] ApiDb:261 - Set plugin images path to: /Applications/STM32CubeIDE.app/Contents/Eclipse/plugins/com.st.stm32cube.common.mx_6.13.0.202411220809//db//plugins/mcufinder/images/
2024-12-04 18:38:41,730 [WARN] DbFile:41 - Overriding database path with different value: /Users/daniilbykov/.stmcufinder/plugins/mcufinder/ => /Users/daniilbykov/.stmcufinder/plugins/mcufinder
2024-12-04 18:38:41,730 [INFO] ApiDb:250 - Set database path to: /Users/daniilbykov/.stmcufinder/plugins/mcufinder//mcu/
2024-12-04 18:38:41,730 [WARN] DbFile:41 - Overriding database path with different value: /Users/daniilbykov/.stmcufinder/plugins/mcufinder/ => /Users/daniilbykov/.stmcufinder/plugins/mcufinder
2024-12-04 18:38:41,730 [INFO] DbMcusAds:125 - Set database path to: /Users/daniilbykov/.stmcufinder/plugins/mcufinder//mcu/
2024-12-04 18:38:41,730 [WARN] DbFile:41 - Overriding database path with different value: /Users/daniilbykov/.stmcufinder/plugins/mcufinder/ => /Users/daniilbykov/.stmcufinder/plugins/mcufinder
2024-12-04 18:38:41,730 [WARN] DbFile:41 - Overriding database path with different value: /Users/daniilbykov/.stmcufinder/plugins/mcufinder/ => /Users/daniilbykov/.stmcufinder/plugins/mcufinder
2024-12-04 18:38:41,731 [INFO] CrossReferenceDbSqlite:203 - Set database path to: /Users/daniilbykov/.stmcufinder/plugins/mcufinder//mcu/cs/
2024-12-04 18:38:41,746 [INFO] ApplicationProperties:184 - Using Application install path: /Applications/STM32CubeIDE.app/Contents/Eclipse/plugins/com.st.stm32cube.common.mx_6.13.0.202411220809
2024-12-04 18:38:41,747 [INFO] PluginManage:196 - Search for loadable plugins [exclusion list=, ]
2024-12-04 18:38:41,749 [INFO] PluginManage:310 - Check plugin analytics
2024-12-04 18:38:41,900 [INFO] AnalyticsPlugin:253 - Accepted Software Licenses: 
2024-12-04 18:38:41,900 [INFO] AnalyticsPlugin:255 - Accepted CMSIS Pack Licenses: 
2024-12-04 18:38:41,900 [INFO] AnalyticsPlugin:257 - Accepted Firmware Licenses: 
2024-12-04 18:38:41,913 [INFO] PluginManage:359 - Loaded plugin analytics (category:tool,tabindex:-1)
2024-12-04 18:38:41,914 [INFO] PluginManage:310 - Check plugin cadmodel
2024-12-04 18:38:41,921 [INFO] CADModel:105 - Init CAD model plugin
2024-12-04 18:38:41,921 [INFO] PluginManage:359 - Loaded plugin cadmodel (category:power,tabindex:5)
2024-12-04 18:38:41,921 [INFO] PluginManage:310 - Check plugin clock
2024-12-04 18:38:41,927 [INFO] PluginManage:359 - Loaded plugin clock (category:base,tabindex:2)
2024-12-04 18:38:41,927 [INFO] PluginManage:310 - Check plugin ddr
2024-12-04 18:38:41,928 [INFO] PluginManage:359 - Loaded plugin ddr (category:tool,tabindex:6)
2024-12-04 18:38:41,928 [INFO] PluginManage:310 - Check plugin filemanager
2024-12-04 18:38:42,582 [INFO] PluginManage:359 - Loaded plugin filemanager (category:base,tabindex:10)
2024-12-04 18:38:42,584 [INFO] PluginManage:310 - Check plugin ipmanager
2024-12-04 18:38:42,597 [INFO] PluginManage:359 - Loaded plugin ipmanager (category:base,tabindex:5)
2024-12-04 18:38:42,599 [INFO] PluginManage:310 - Check plugin lpbam
2024-12-04 18:38:42,617 [INFO] PluginManage:359 - Loaded plugin lpbam (category:base,tabindex:0)
2024-12-04 18:38:42,617 [INFO] PluginManage:310 - Check plugin memorymap
2024-12-04 18:38:42,624 [INFO] PluginManage:359 - Loaded plugin memorymap (category:base,tabindex:4)
2024-12-04 18:38:42,624 [INFO] PluginManage:310 - Check plugin pinoutandconfiguration
2024-12-04 18:38:42,628 [INFO] PluginManage:359 - Loaded plugin pinoutandconfiguration (category:base,tabindex:1)
2024-12-04 18:38:42,628 [INFO] PluginManage:310 - Check plugin pinoutconfig
2024-12-04 18:38:42,702 [WARN] SupportedApi:132 - Cannot load RTOS API schema: s4s-elt-must-match.1: The content of 'definitions' must match (annotation?, (simpleType | complexType)?, (unique | key | keyref)*)). A problem was found starting at: attribute.
2024-12-04 18:38:42,857 [INFO] PluginManage:359 - Loaded plugin pinoutconfig (category:base,tabindex:0)
2024-12-04 18:38:42,858 [INFO] PluginManage:310 - Check plugin power
2024-12-04 18:38:42,868 [INFO] PluginManage:359 - Loaded plugin power (category:power,tabindex:4)
2024-12-04 18:38:42,868 [INFO] PluginManage:310 - Check plugin projectmanager
2024-12-04 18:38:42,891 [INFO] PluginManage:359 - Loaded plugin projectmanager (category:projectmanager,tabindex:4)
2024-12-04 18:38:42,891 [INFO] PluginManage:310 - Check plugin rif
2024-12-04 18:38:42,894 [INFO] PluginManage:359 - Loaded plugin rif (category:base,tabindex:3)
2024-12-04 18:38:42,894 [INFO] PluginManage:310 - Check plugin thirdparty
2024-12-04 18:38:43,004 [INFO] PluginManage:359 - Loaded plugin thirdparty (category:base,tabindex:-1)
2024-12-04 18:38:43,005 [INFO] PluginManage:310 - Check plugin tools
2024-12-04 18:38:43,009 [INFO] PluginManage:359 - Loaded plugin tools (category:base,tabindex:7)
2024-12-04 18:38:43,009 [INFO] PluginManage:310 - Check plugin tutovideos
2024-12-04 18:38:43,004 [WARN] IntegrityCheckThread:84 - waiting for thirdparty lock release [integrity check]
2024-12-04 18:38:43,009 [INFO] IntegrityCheckThread:86 - entering critical section [integrity check]
2024-12-04 18:38:43,010 [INFO] ThirdPartyUpdaterWithRetryManager:70 - Updater plugin not ready yet. [1/15]
2024-12-04 18:38:43,143 [INFO] PluginManage:359 - Loaded plugin tutovideos (category:base,tabindex:-1)
2024-12-04 18:38:43,143 [INFO] PluginManage:310 - Check plugin updater
2024-12-04 18:38:43,166 [INFO] PluginManage:359 - Loaded plugin updater (category:base,tabindex:12)
2024-12-04 18:38:43,166 [INFO] PluginManage:310 - Check plugin userauth
2024-12-04 18:38:43,169 [INFO] UserAuth:118 - Init User Auth plugin
2024-12-04 18:38:43,172 [INFO] PluginManage:359 - Loaded plugin userauth (category:base,tabindex:14)
2024-12-04 18:38:43,173 [INFO] PluginManage:283 - PluginManage : Loaded plugins [18]
2024-12-04 18:38:43,362 [INFO] PinOutPanel:1589 - setPackage(No Configuration,No Configuration)
2024-12-04 18:38:43,421 [INFO] CADModel:165 - CPN selected for project level
2024-12-04 18:38:43,422 [INFO] CADModel:114 - Register for checkConnection events
2024-12-04 18:38:43,428 [INFO] IPUIPlugin:80 - create IPUIPlugin
2024-12-04 18:38:43,429 [INFO] PluginManager:220 - loadIPPluginJar : add mdma
2024-12-04 18:38:43,433 [INFO] IPUIPlugin:80 - create IPUIPlugin
2024-12-04 18:38:43,433 [INFO] PluginManager:220 - loadIPPluginJar : add freertos
2024-12-04 18:38:43,435 [INFO] IPUIPlugin:80 - create IPUIPlugin
2024-12-04 18:38:43,435 [INFO] PluginManager:220 - loadIPPluginJar : add gic
2024-12-04 18:38:43,439 [INFO] IPUIPlugin:80 - create IPUIPlugin
2024-12-04 18:38:43,439 [INFO] PluginManager:220 - loadIPPluginJar : add adc
2024-12-04 18:38:43,440 [INFO] IPUIPlugin:80 - create IPUIPlugin
2024-12-04 18:38:43,440 [INFO] PluginManager:220 - loadIPPluginJar : add gtzc
2024-12-04 18:38:43,440 [INFO] IPUIPlugin:80 - create IPUIPlugin
2024-12-04 18:38:43,440 [INFO] PluginManager:220 - loadIPPluginJar : add quadspi
2024-12-04 18:38:43,441 [INFO] IPUIPlugin:80 - create IPUIPlugin
2024-12-04 18:38:43,441 [INFO] PluginManager:220 - loadIPPluginJar : add aes
2024-12-04 18:38:43,442 [INFO] IPUIPlugin:80 - create IPUIPlugin
2024-12-04 18:38:43,442 [INFO] PluginManager:220 - loadIPPluginJar : add pdm2pcm
2024-12-04 18:38:43,442 [INFO] IPUIPlugin:80 - create IPUIPlugin
2024-12-04 18:38:43,442 [INFO] PluginManager:220 - loadIPPluginJar : add hash
2024-12-04 18:38:43,443 [INFO] IPUIPlugin:80 - create IPUIPlugin
2024-12-04 18:38:43,443 [INFO] PluginManager:220 - loadIPPluginJar : add tim
2024-12-04 18:38:43,443 [INFO] IPUIPlugin:80 - create IPUIPlugin
2024-12-04 18:38:43,443 [INFO] PluginManager:220 - loadIPPluginJar : add tsc
2024-12-04 18:38:43,445 [INFO] IPUIPlugin:80 - create IPUIPlugin
2024-12-04 18:38:43,445 [INFO] PluginManager:220 - loadIPPluginJar : add extmemmanager
2024-12-04 18:38:43,446 [INFO] IPUIPlugin:80 - create IPUIPlugin
2024-12-04 18:38:43,446 [INFO] PluginManager:220 - loadIPPluginJar : add ts
2024-12-04 18:38:43,446 [INFO] IPUIPlugin:80 - create IPUIPlugin
2024-12-04 18:38:43,446 [INFO] PluginManager:220 - loadIPPluginJar : add radio
2024-12-04 18:38:43,447 [INFO] IPUIPlugin:80 - create IPUIPlugin
2024-12-04 18:38:43,447 [INFO] PluginManager:220 - loadIPPluginJar : add can
2024-12-04 18:38:43,448 [INFO] IPUIPlugin:80 - create IPUIPlugin
2024-12-04 18:38:43,448 [INFO] PluginManager:220 - loadIPPluginJar : add dma3
2024-12-04 18:38:43,448 [INFO] IPUIPlugin:80 - create IPUIPlugin
2024-12-04 18:38:43,448 [INFO] PluginManager:220 - loadIPPluginJar : add dfsdm
2024-12-04 18:38:43,449 [INFO] IPUIPlugin:80 - create IPUIPlugin
2024-12-04 18:38:43,449 [INFO] PluginManager:220 - loadIPPluginJar : add spi
2024-12-04 18:38:43,450 [INFO] IPUIPlugin:80 - create IPUIPlugin
2024-12-04 18:38:43,451 [INFO] PluginManager:220 - loadIPPluginJar : add gfxmmu
2024-12-04 18:38:43,451 [INFO] IPUIPlugin:80 - create IPUIPlugin
2024-12-04 18:38:43,451 [INFO] PluginManager:220 - loadIPPluginJar : add genericplugin
2024-12-04 18:38:43,452 [INFO] IPUIPlugin:80 - create IPUIPlugin
2024-12-04 18:38:43,452 [INFO] PluginManager:220 - loadIPPluginJar : add cryp
2024-12-04 18:38:43,454 [INFO] IPUIPlugin:80 - create IPUIPlugin
2024-12-04 18:38:43,454 [INFO] PluginManager:220 - loadIPPluginJar : add gpio
2024-12-04 18:38:43,455 [INFO] IPUIPlugin:80 - create IPUIPlugin
2024-12-04 18:38:43,455 [INFO] PluginManager:220 - loadIPPluginJar : add ddr_ctrl_phy
2024-12-04 18:38:43,456 [INFO] IPUIPlugin:80 - create IPUIPlugin
2024-12-04 18:38:43,456 [INFO] PluginManager:220 - loadIPPluginJar : add comp
2024-12-04 18:38:43,457 [INFO] IPUIPlugin:80 - create IPUIPlugin
2024-12-04 18:38:43,457 [INFO] PluginManager:220 - loadIPPluginJar : add tracer_emb
2024-12-04 18:38:43,458 [INFO] IPUIPlugin:80 - create IPUIPlugin
2024-12-04 18:38:43,458 [INFO] PluginManager:220 - loadIPPluginJar : add openamp
2024-12-04 18:38:43,461 [INFO] IPUIPlugin:80 - create IPUIPlugin
2024-12-04 18:38:43,461 [INFO] PluginManager:220 - loadIPPluginJar : add stm32_wpan
2024-12-04 18:38:43,463 [INFO] IPUIPlugin:80 - create IPUIPlugin
2024-12-04 18:38:43,464 [INFO] PluginManager:220 - loadIPPluginJar : add plateformsettings
2024-12-04 18:38:43,465 [INFO] IPUIPlugin:80 - create IPUIPlugin
2024-12-04 18:38:43,465 [INFO] PluginManager:220 - loadIPPluginJar : add ipddr
2024-12-04 18:38:43,466 [INFO] IPUIPlugin:80 - create IPUIPlugin
2024-12-04 18:38:43,467 [INFO] PluginManager:220 - loadIPPluginJar : add usart
2024-12-04 18:38:43,467 [INFO] IPUIPlugin:80 - create IPUIPlugin
2024-12-04 18:38:43,467 [INFO] PluginManager:220 - loadIPPluginJar : add ltdc
2024-12-04 18:38:43,468 [INFO] IPUIPlugin:80 - create IPUIPlugin
2024-12-04 18:38:43,468 [INFO] PluginManager:220 - loadIPPluginJar : add nvic
2024-12-04 18:38:43,469 [INFO] IPUIPlugin:80 - create IPUIPlugin
2024-12-04 18:38:43,469 [INFO] PluginManager:220 - loadIPPluginJar : add fatfs
2024-12-04 18:38:43,471 [INFO] IPUIPlugin:80 - create IPUIPlugin
2024-12-04 18:38:43,471 [INFO] PluginManager:220 - loadIPPluginJar : add linkedlist
2024-12-04 18:38:43,473 [INFO] IPUIPlugin:80 - create IPUIPlugin
2024-12-04 18:38:43,473 [INFO] PluginManager:220 - loadIPPluginJar : add dma
2024-12-04 18:38:43,475 [INFO] IPUIPlugin:80 - create IPUIPlugin
2024-12-04 18:38:43,475 [INFO] PluginManager:220 - loadIPPluginJar : add fmc
2024-12-04 18:38:43,476 [INFO] IPUIPlugin:80 - create IPUIPlugin
2024-12-04 18:38:43,476 [INFO] PluginManager:220 - loadIPPluginJar : add i2s
2024-12-04 18:38:43,477 [INFO] IPUIPlugin:80 - create IPUIPlugin
2024-12-04 18:38:43,477 [INFO] PluginManager:220 - loadIPPluginJar : add ucpd
2024-12-04 18:38:43,478 [INFO] IPUIPlugin:80 - create IPUIPlugin
2024-12-04 18:38:43,478 [INFO] PluginManager:220 - loadIPPluginJar : add lorawan
2024-12-04 18:38:43,479 [INFO] IPUIPlugin:80 - create IPUIPlugin
2024-12-04 18:38:43,479 [INFO] PluginManager:220 - loadIPPluginJar : add opamp
2024-12-04 18:38:43,479 [INFO] IPUIPlugin:80 - create IPUIPlugin
2024-12-04 18:38:43,480 [INFO] PluginManager:220 - loadIPPluginJar : add i3c
2024-12-04 18:38:43,482 [INFO] IPUIPlugin:80 - create IPUIPlugin
2024-12-04 18:38:43,482 [INFO] PluginManager:220 - loadIPPluginJar : add touchsensing
2024-12-04 18:38:43,483 [INFO] IPUIPlugin:80 - create IPUIPlugin
2024-12-04 18:38:43,483 [INFO] PluginManager:220 - loadIPPluginJar : add i2c
2024-12-04 18:38:43,484 [INFO] IPUIPlugin:80 - create IPUIPlugin
2024-12-04 18:38:43,484 [INFO] PluginManager:220 - loadIPPluginJar : add resmgrutility
2024-12-04 18:38:43,485 [INFO] IPUIPlugin:80 - create IPUIPlugin
2024-12-04 18:38:43,485 [INFO] PluginManager:220 - loadIPPluginJar : add sai
2024-12-04 18:38:43,486 [INFO] IPUIPlugin:80 - create IPUIPlugin
2024-12-04 18:38:43,486 [INFO] PluginManager:220 - loadIPPluginJar : add usbx
2024-12-04 18:38:43,596 [FATAL] Updater:351 - Updater called before beeing initialized
2024-12-04 18:38:43,639 [INFO] RulesReader:64 - Compatibility file has been processed (297 Rules)
2024-12-04 18:38:43,649 [INFO] RulesReader:64 - Compatibility file has been processed (297 Rules)
2024-12-04 18:38:43,659 [INFO] CADModel:165 - CPN selected for project level
2024-12-04 18:38:43,659 [INFO] CADModel:114 - Register for checkConnection events
2024-12-04 18:38:43,659 [FATAL] Updater:351 - Updater called before beeing initialized
2024-12-04 18:38:43,659 [ERROR] CADModel:125 - Updater not yet initialized, retry later 
2024-12-04 18:38:43,853 [FATAL] Updater:351 - Updater called before beeing initialized
2024-12-04 18:38:43,854 [INFO] CADModel:165 - CPN selected for project level
2024-12-04 18:38:43,854 [INFO] CADModel:114 - Register for checkConnection events
2024-12-04 18:38:43,854 [FATAL] Updater:351 - Updater called before beeing initialized
2024-12-04 18:38:43,854 [ERROR] CADModel:125 - Updater not yet initialized, retry later 
2024-12-04 18:38:43,856 [FATAL] Updater:351 - Updater called before beeing initialized
2024-12-04 18:38:43,970 [FATAL] Updater:351 - Updater called before beeing initialized
2024-12-04 18:38:43,974 [INFO] DbMcusAds:53 - JSON generation date=Thu Sep 30 09:55:09 EEST 2021 (1632984909247)
2024-12-04 18:38:43,974 [FATAL] Updater:351 - Updater called before beeing initialized
2024-12-04 18:38:44,293 [WARN] DetailPanel:346 - Failed to get advertising image, set to default
2024-12-04 18:38:44,452 [FATAL] Updater:351 - Updater called before beeing initialized
2024-12-04 18:38:44,454 [FATAL] Updater:351 - Updater called before beeing initialized
2024-12-04 18:38:44,455 [FATAL] Updater:351 - Updater called before beeing initialized
2024-12-04 18:38:44,455 [WARN] DetailPanel:346 - Failed to get advertising image, set to default
2024-12-04 18:38:44,456 [FATAL] Updater:351 - Updater called before beeing initialized
2024-12-04 18:38:44,505 [ERROR] Updater:1198 - MainUpdater not yet initialized. External WinMGr cannot be set.
2024-12-04 18:38:44,513 [INFO] Updater:1134 - Updater Version found : 6.13.0
2024-12-04 18:38:44,521 [INFO] ApplicationProperties:184 - Using Application install path: /Applications/STM32CubeIDE.app/Contents/Eclipse/plugins/com.st.stm32cube.common.mx_6.13.0.202411220809
2024-12-04 18:38:44,547 [INFO] MainUpdater:525 - Copy updater definitions from MX database
2024-12-04 18:38:44,588 [INFO] MainUpdater:558 - Copy flag file definitions from MX database
2024-12-04 18:38:44,589 [INFO] MainUpdater:574 - Copy thirdparty index definitions from MX database
2024-12-04 18:38:44,591 [INFO] MainUpdater:593 - Copy default thirdparty db definitions from MX database
2024-12-04 18:38:44,727 [INFO] MainUpdater:2872 - connection check result : 10
2024-12-04 18:38:44,728 [INFO] MainUpdater:3566 - Updater definition file requires update
2024-12-04 18:38:44,728 [INFO] MainUpdater:289 - Updater Check For Update Now.
2024-12-04 18:38:44,729 [INFO] MicroXplorer:498 - Change Database Version : DB.6.0.130
2024-12-04 18:38:44,735 [INFO] McuFinderGlobals:63 - Set McuFinder mode to 2 (CubeIDE integrated)
2024-12-04 18:38:44,735 [INFO] UserAuth:171 - activating auth plugin
2024-12-04 18:38:44,745 [INFO] UserAuth:486 - Internet connection configuration mode: 1
2024-12-04 18:38:44,753 [INFO] ServerAccessManage:473 - Download File updaters.zip
2024-12-04 18:38:44,754 [INFO] JxBrowserEngine:152 - Initiate JxBrowser Engine with user profile folder
2024-12-04 18:38:44,831 [INFO] FileExtend:240 - Unzip File : updaters.zip
2024-12-04 18:38:44,831 [INFO] FileExtend:255 - Standard Zip Deflate
2024-12-04 18:38:44,977 [INFO] ServerAccessManage:473 - Download File PacksControlFlags.xml
2024-12-04 18:38:45,387 [INFO] ServerAccessManage:473 - Download File cubemx.pidx
2024-12-04 18:38:45,612 [INFO] ServerAccessManage:473 - Download File STMicroelectronics.FP-ATR-ASTRA1.pdsc
2024-12-04 18:38:46,016 [WARN] MainUpdater:1193 - Updater busy. Cannot search thirdparties
2024-12-04 18:38:46,016 [INFO] ThirdPartyUpdaterWithRetryManager:96 - Updater plugin is busy. [1/15]
2024-12-04 18:38:46,223 [INFO] ServerAccessManage:473 - Download File STMicroelectronics.FP-ATR-SIGFOX1.pdsc
2024-12-04 18:38:46,422 [INFO] ServerAccessManage:473 - Download File STMicroelectronics.FP-SNS-STBOX1.pdsc
2024-12-04 18:38:46,570 [INFO] ServerAccessManage:473 - Download File STMicroelectronics.FP-SNS-FLIGHT1.pdsc
2024-12-04 18:38:47,018 [INFO] ServerAccessManage:473 - Download File STMicroelectronics.FP-SNS-MOTENV1.pdsc
2024-12-04 18:38:47,497 [INFO] ServerAccessManage:473 - Download File STMicroelectronics.FP-SNS-MOTENVWB1.pdsc
2024-12-04 18:38:47,905 [INFO] ServerAccessManage:473 - Download File STMicroelectronics.FP-SNS-SMARTAG2.pdsc
2024-12-04 18:38:48,107 [INFO] ServerAccessManage:473 - Download File STMicroelectronics.X-CUBE-AI.pdsc
2024-12-04 18:38:49,022 [WARN] MainUpdater:1193 - Updater busy. Cannot search thirdparties
2024-12-04 18:38:49,022 [INFO] ThirdPartyUpdaterWithRetryManager:96 - Updater plugin is busy. [2/15]
2024-12-04 18:38:49,971 [INFO] ServerAccessManage:473 - Download File STMicroelectronics.X-CUBE-ALS.pdsc
2024-12-04 18:38:50,327 [INFO] ServerAccessManage:473 - Download File STMicroelectronics.X-CUBE-BLE1.pdsc
2024-12-04 18:38:52,027 [WARN] MainUpdater:1193 - Updater busy. Cannot search thirdparties
2024-12-04 18:38:52,027 [INFO] ThirdPartyUpdaterWithRetryManager:96 - Updater plugin is busy. [3/15]
2024-12-04 18:38:52,286 [ERROR] ServerAccessManage:1089 - Problem, file not found on Server
2024-12-04 18:38:52,443 [INFO] ServerAccessManage:473 - Download File STMicroelectronics.X-CUBE-BLE2.pdsc
2024-12-04 18:38:53,349 [INFO] ServerAccessManage:473 - Download File STMicroelectronics.X-CUBE-BLEMGR.pdsc
2024-12-04 18:38:54,146 [INFO] ServerAccessManage:473 - Download File STMicroelectronics.X-CUBE-DISPLAY.pdsc
2024-12-04 18:38:54,869 [INFO] ServerAccessManage:473 - Download File STMicroelectronics.X-CUBE-DPOWER.pdsc
2024-12-04 18:38:55,032 [WARN] MainUpdater:1193 - Updater busy. Cannot search thirdparties
2024-12-04 18:38:55,033 [INFO] ThirdPartyUpdaterWithRetryManager:96 - Updater plugin is busy. [4/15]
2024-12-04 18:38:55,257 [ERROR] ServerAccessManage:1089 - Problem, file not found on Server
2024-12-04 18:38:55,562 [ERROR] ServerAccessManage:1089 - Problem, file not found on Server
2024-12-04 18:38:55,719 [ERROR] ServerAccessManage:1089 - Problem, file not found on Server
2024-12-04 18:38:55,938 [ERROR] ServerAccessManage:1089 - Problem, file not found on Server
2024-12-04 18:38:56,158 [ERROR] ServerAccessManage:1089 - Problem, file not found on Server
2024-12-04 18:38:56,365 [ERROR] ServerAccessManage:1089 - Problem, file not found on Server
2024-12-04 18:38:56,689 [ERROR] ServerAccessManage:1089 - Problem, file not found on Server
2024-12-04 18:38:56,910 [ERROR] ServerAccessManage:1089 - Problem, file not found on Server
2024-12-04 18:38:57,057 [ERROR] ServerAccessManage:1089 - Problem, file not found on Server
2024-12-04 18:38:57,405 [ERROR] ServerAccessManage:1089 - Problem, file not found on Server
2024-12-04 18:38:57,545 [ERROR] ServerAccessManage:1089 - Problem, file not found on Server
2024-12-04 18:38:57,661 [INFO] ServerAccessManage:473 - Download File STMicroelectronics.X-CUBE-EEPRMA1.pdsc
2024-12-04 18:38:57,921 [ERROR] ServerAccessManage:1089 - Problem, file not found on Server
2024-12-04 18:38:58,036 [WARN] MainUpdater:1193 - Updater busy. Cannot search thirdparties
2024-12-04 18:38:58,037 [INFO] ThirdPartyUpdaterWithRetryManager:96 - Updater plugin is busy. [5/15]
2024-12-04 18:38:58,269 [ERROR] ServerAccessManage:1089 - Problem, file not found on Server
2024-12-04 18:38:58,718 [INFO] ServerAccessManage:473 - Download File STMicroelectronics.X-CUBE-FREERTOS.pdsc
2024-12-04 18:38:59,261 [INFO] ServerAccessManage:473 - Download File STMicroelectronics.X-CUBE-GNSS1.pdsc
2024-12-04 18:39:00,151 [ERROR] ServerAccessManage:1089 - Problem, file not found on Server
2024-12-04 18:39:00,478 [ERROR] ServerAccessManage:1089 - Problem, file not found on Server
2024-12-04 18:39:00,604 [ERROR] ServerAccessManage:1089 - Problem, file not found on Server
2024-12-04 18:39:00,725 [ERROR] ServerAccessManage:1089 - Problem, file not found on Server
2024-12-04 18:39:00,925 [ERROR] ServerAccessManage:1089 - Problem, file not found on Server
2024-12-04 18:39:01,042 [WARN] MainUpdater:1193 - Updater busy. Cannot search thirdparties
2024-12-04 18:39:01,042 [INFO] ThirdPartyUpdaterWithRetryManager:96 - Updater plugin is busy. [6/15]
2024-12-04 18:39:01,126 [ERROR] ServerAccessManage:1089 - Problem, file not found on Server
2024-12-04 18:39:01,172 [INFO] ServerAccessManage:473 - Download File STMicroelectronics.X-CUBE-ISPU.pdsc
2024-12-04 18:39:01,593 [INFO] ServerAccessManage:473 - Download File STMicroelectronics.X-CUBE-IPS.pdsc
2024-12-04 18:39:01,733 [INFO] ServerAccessManage:473 - Download File STMicroelectronics.X-CUBE-MEMS1.pdsc
2024-12-04 18:39:04,047 [WARN] MainUpdater:1193 - Updater busy. Cannot search thirdparties
2024-12-04 18:39:04,047 [INFO] ThirdPartyUpdaterWithRetryManager:96 - Updater plugin is busy. [7/15]
2024-12-04 18:39:04,326 [INFO] ServerAccessManage:473 - Download File STMicroelectronics.X-CUBE-NFC4.pdsc
2024-12-04 18:39:05,586 [INFO] ServerAccessManage:473 - Download File STMicroelectronics.X-CUBE-NFC6.pdsc
2024-12-04 18:39:05,903 [INFO] ServerAccessManage:473 - Download File STMicroelectronics.X-CUBE-NFC7.pdsc
2024-12-04 18:39:06,200 [INFO] ServerAccessManage:473 - Download File STMicroelectronics.X-CUBE-NFC9.pdsc
2024-12-04 18:39:06,439 [INFO] ServerAccessManage:473 - Download File STMicroelectronics.X-CUBE-NFC10.pdsc
2024-12-04 18:39:06,557 [INFO] ServerAccessManage:473 - Download File STMicroelectronics.X-CUBE-SFXS2LP1.pdsc
2024-12-04 18:39:07,053 [WARN] MainUpdater:1193 - Updater busy. Cannot search thirdparties
2024-12-04 18:39:07,053 [INFO] ThirdPartyUpdaterWithRetryManager:96 - Updater plugin is busy. [8/15]
2024-12-04 18:39:07,094 [INFO] ServerAccessManage:473 - Download File STMicroelectronics.X-CUBE-SAFEA1.pdsc
2024-12-04 18:39:07,298 [INFO] ServerAccessManage:473 - Download File STMicroelectronics.X-CUBE-SUBG2.pdsc
2024-12-04 18:39:08,211 [INFO] ServerAccessManage:473 - Download File STMicroelectronics.X-CUBE-SMBUS.pdsc
2024-12-04 18:39:08,492 [ERROR] ServerAccessManage:1089 - Problem, file not found on Server
2024-12-04 18:39:08,579 [INFO] ServerAccessManage:473 - Download File STMicroelectronics.X-CUBE-TCPP.pdsc
2024-12-04 18:39:08,802 [INFO] ServerAccessManage:473 - Download File STMicroelectronics.X-CUBE-TOF1.pdsc
2024-12-04 18:39:09,911 [ERROR] ServerAccessManage:1089 - Problem, file not found on Server
2024-12-04 18:39:10,059 [WARN] MainUpdater:1193 - Updater busy. Cannot search thirdparties
2024-12-04 18:39:10,059 [INFO] ThirdPartyUpdaterWithRetryManager:96 - Updater plugin is busy. [9/15]
2024-12-04 18:39:10,169 [INFO] ServerAccessManage:473 - Download File STMicroelectronics.X-CUBE-TOUCHGFX.pdsc
2024-12-04 18:39:12,700 [INFO] ServerAccessManage:473 - Download File STMicroelectronics.X-CUBE-ALGOBUILD.pdsc
2024-12-04 18:39:13,065 [WARN] MainUpdater:1193 - Updater busy. Cannot search thirdparties
2024-12-04 18:39:13,065 [INFO] ThirdPartyUpdaterWithRetryManager:96 - Updater plugin is busy. [10/15]
2024-12-04 18:39:13,508 [INFO] ServerAccessManage:473 - Download File STMicroelectronics.X-CUBE-AZRTOS-H7.pdsc
2024-12-04 18:39:13,659 [INFO] WebApp:168 - Instantiating new browser for Auth
2024-12-04 18:39:14,390 [INFO] ServerAccessManage:473 - Download File STMicroelectronics.X-CUBE-AZRTOS-H7RS.pdsc
2024-12-04 18:39:14,494 [INFO] ServerAccessManage:473 - Download File STMicroelectronics.X-CUBE-AZRTOS-F4.pdsc
2024-12-04 18:39:14,751 [INFO] ServerAccessManage:473 - Download File STMicroelectronics.X-CUBE-AZRTOS-F7.pdsc
2024-12-04 18:39:15,091 [INFO] ServerAccessManage:473 - Download File STMicroelectronics.X-CUBE-AZRTOS-L4.pdsc
2024-12-04 18:39:15,301 [INFO] ServerAccessManage:473 - Download File STMicroelectronics.X-CUBE-AZRTOS-L5.pdsc
2024-12-04 18:39:15,477 [INFO] WebApp:449 - Apply proxy settings
2024-12-04 18:39:15,482 [INFO] WebApp:494 - Chromium authenticates against Manually configured proxy
2024-12-04 18:39:15,499 [INFO] WebApp:502 - Username used for proxy authentication: 
2024-12-04 18:39:15,552 [INFO] WebApp:880 - Register for checkConnection events
2024-12-04 18:39:15,552 [INFO] WebApp:449 - Apply proxy settings
2024-12-04 18:39:15,555 [INFO] WebApp:494 - Chromium authenticates against Manually configured proxy
2024-12-04 18:39:15,555 [INFO] WebApp:502 - Username used for proxy authentication: 
2024-12-04 18:39:15,646 [INFO] ServerAccessManage:473 - Download File STMicroelectronics.X-CUBE-AZRTOS-G0.pdsc
2024-12-04 18:39:15,715 [INFO] WebApp:221 - Starting web application
2024-12-04 18:39:15,715 [INFO] WebApp:579 - Web application path used /Applications/STM32CubeIDE.app/Contents/Eclipse/plugins/com.st.stm32cube.common.mx_6.13.0.202411220809/db/plugins/mcufinder/reactClient1/index.html
2024-12-04 18:39:15,805 [INFO] ServerAccessManage:473 - Download File STMicroelectronics.X-CUBE-AZRTOS-G4.pdsc
2024-12-04 18:39:16,045 [INFO] ServerAccessManage:473 - Download File STMicroelectronics.X-CUBE-AZRTOS-WB.pdsc
2024-12-04 18:39:16,066 [WARN] MainUpdater:1193 - Updater busy. Cannot search thirdparties
2024-12-04 18:39:16,066 [INFO] ThirdPartyUpdaterWithRetryManager:96 - Updater plugin is busy. [11/15]
2024-12-04 18:39:16,125 [INFO] WebApp:187 - Connection restablished
2024-12-04 18:39:16,393 [INFO] ServerAccessManage:473 - Download File STMicroelectronics.X-CUBE-AZRTOS-WL.pdsc
2024-12-04 18:39:16,751 [INFO] ServerAccessManage:473 - Download File STMicroelectronics.X-CUBE-WB05N.pdsc
2024-12-04 18:39:17,478 [INFO] ServerAccessManage:473 - Download File wolfSSL.I-CUBE-wolfSSL.pdsc
2024-12-04 18:39:19,069 [WARN] MainUpdater:1193 - Updater busy. Cannot search thirdparties
2024-12-04 18:39:19,070 [INFO] ThirdPartyUpdaterWithRetryManager:96 - Updater plugin is busy. [12/15]
2024-12-04 18:39:21,881 [ERROR] ServerAccessManage:1089 - Problem, file not found on Server
2024-12-04 18:39:22,075 [WARN] MainUpdater:1193 - Updater busy. Cannot search thirdparties
2024-12-04 18:39:22,076 [INFO] ThirdPartyUpdaterWithRetryManager:96 - Updater plugin is busy. [13/15]
2024-12-04 18:39:22,391 [ERROR] ServerAccessManage:1089 - Problem, file not found on Server
2024-12-04 18:39:22,804 [ERROR] ServerAccessManage:1089 - Problem, file not found on Server
2024-12-04 18:39:22,989 [INFO] ServerAccessManage:473 - Download File wolfSSL.I-CUBE-wolfMQTT.pdsc
2024-12-04 18:39:23,973 [ERROR] ServerAccessManage:1089 - Problem, file not found on Server
2024-12-04 18:39:24,104 [INFO] ServerAccessManage:473 - Download File wolfSSL.I-CUBE-wolfTPM.pdsc
2024-12-04 18:39:25,079 [WARN] MainUpdater:1193 - Updater busy. Cannot search thirdparties
2024-12-04 18:39:25,079 [INFO] ThirdPartyUpdaterWithRetryManager:96 - Updater plugin is busy. [14/15]
2024-12-04 18:39:25,230 [INFO] ServerAccessManage:473 - Download File wolfSSL.I-CUBE-wolfSSH.pdsc
2024-12-04 18:39:26,567 [INFO] ServerAccessManage:473 - Download File RealThread.X-CUBE-RT-Thread_Nano.pdsc
2024-12-04 18:39:26,859 [INFO] ServerAccessManage:473 - Download File SEGGER.I-CUBE-embOS.pdsc
2024-12-04 18:39:27,344 [INFO] ServerAccessManage:473 - Download File portGmbH.I-Cube-SoM-uGOAL.pdsc
2024-12-04 18:39:27,716 [ERROR] ServerAccessManage:1089 - Problem, file not found on Server
2024-12-04 18:39:27,755 [ERROR] ServerAccessManage:1089 - Problem, file not found on Server
2024-12-04 18:39:27,791 [ERROR] ServerAccessManage:1089 - Problem, file not found on Server
2024-12-04 18:39:28,060 [INFO] ServerAccessManage:473 - Download File emotas.I-CUBE-CANOPEN.pdsc
2024-12-04 18:39:28,084 [WARN] MainUpdater:1193 - Updater busy. Cannot search thirdparties
2024-12-04 18:39:28,084 [INFO] ThirdPartyUpdaterWithRetryManager:96 - Updater plugin is busy. [15/15]
2024-12-04 18:39:28,086 [ERROR] IntegrityCheckThread:130 - Cannot retrieve database content from updater: error -1
2024-12-04 18:39:28,086 [INFO] ThirdParty:978 - Integrity check success = false
2024-12-04 18:39:28,087 [INFO] IntegrityCheckThread:100 - exiting critical section [integrity check]
2024-12-04 18:39:28,087 [INFO] IntegrityCheckThread:103 - End integrity checks thread
2024-12-04 18:39:29,110 [INFO] ServerAccessManage:473 - Download File WES.I-CUBE-Cesium.pdsc
2024-12-04 18:39:29,766 [ERROR] ServerAccessManage:1089 - Problem, file not found on Server
2024-12-04 18:39:30,063 [ERROR] ServerAccessManage:1089 - Problem, file not found on Server
2024-12-04 18:39:31,198 [INFO] ServerAccessManage:473 - Download File ITTIA_DB.I-CUBE-ITTIADB.pdsc
2024-12-04 18:39:35,382 [INFO] ServerAccessManage:473 - Download File Infineon.AIROC-Wi-Fi-Bluetooth-STM32.pdsc
2024-12-04 18:39:40,378 [INFO] ServerAccessManage:473 - Download File Cesanta.I-CUBE-Mongoose.pdsc
2024-12-04 18:39:41,950 [INFO] ServerAccessManage:473 - Download File EmbeddedOffice.I-CUBE-FS-RTOS.pdsc
2024-12-04 18:39:42,656 [INFO] ServerAccessManage:473 - Download File quantropi.X-CUBE-qispace-sdk-base.pdsc
2024-12-04 18:39:43,016 [WARN] PackLoader:240 - Cannot read IP mode file for STMicroelectronics.FP-ATR-ASTRA1.2.0.1
2024-12-04 18:39:43,058 [WARN] PackLoader:240 - Cannot read IP mode file for STMicroelectronics.FP-ATR-SIGFOX1.3.2.0
2024-12-04 18:39:43,068 [WARN] CheckServerUpdateThread:151 - Open CheckUpdateFile Fail
2024-12-04 18:39:43,090 [WARN] PackLoader:240 - Cannot read IP mode file for STMicroelectronics.FP-SNS-STBOX1.2.0.0
2024-12-04 18:39:43,124 [WARN] PackLoader:240 - Cannot read IP mode file for STMicroelectronics.FP-SNS-FLIGHT1.5.0.2
2024-12-04 18:39:43,132 [WARN] PackLoader:240 - Cannot read IP mode file for STMicroelectronics.FP-SNS-MOTENV1.5.0.0
2024-12-04 18:39:43,146 [WARN] PackLoader:240 - Cannot read IP mode file for STMicroelectronics.FP-SNS-MOTENVWB1.1.4.0
2024-12-04 18:39:43,156 [WARN] PackLoader:240 - Cannot read IP mode file for STMicroelectronics.FP-SNS-SMARTAG2.1.2.0
2024-12-04 18:39:43,172 [WARN] PackLoader:240 - Cannot read IP mode file for STMicroelectronics.X-CUBE-AI.9.1.0
2024-12-04 18:39:43,184 [WARN] PackLoader:240 - Cannot read IP mode file for STMicroelectronics.X-CUBE-ALS.1.0.2
2024-12-04 18:39:43,208 [WARN] PackLoader:240 - Cannot read IP mode file for STMicroelectronics.X-CUBE-BLE1.7.0.0
2024-12-04 18:39:43,214 [INFO] CheckServerUpdateThread:120 - End of CheckServer Thread
2024-12-04 18:39:43,217 [WARN] PackLoader:240 - Cannot read IP mode file for STMicroelectronics.X-CUBE-BLE2.3.3.0
2024-12-04 18:39:43,247 [WARN] PackLoader:240 - Cannot read IP mode file for STMicroelectronics.X-CUBE-BLEMGR.3.1.0
2024-12-04 18:39:43,268 [WARN] PackLoader:240 - Cannot read IP mode file for STMicroelectronics.X-CUBE-DISPLAY.3.0.0
2024-12-04 18:39:43,299 [WARN] PackLoader:240 - Cannot read IP mode file for STMicroelectronics.X-CUBE-DPower.1.2.0
2024-12-04 18:39:43,310 [WARN] PackLoader:240 - Cannot read IP mode file for STMicroelectronics.X-CUBE-EEPRMA1.5.1.0
2024-12-04 18:39:43,323 [WARN] PackLoader:240 - Cannot read IP mode file for STMicroelectronics.X-CUBE-FREERTOS.1.2.0
2024-12-04 18:39:43,333 [WARN] PackLoader:240 - Cannot read IP mode file for STMicroelectronics.X-CUBE-GNSS1.7.0.0
2024-12-04 18:39:43,341 [WARN] PackLoader:240 - Cannot read IP mode file for STMicroelectronics.X-CUBE-ISPU.2.1.0
2024-12-04 18:39:43,356 [WARN] PackLoader:240 - Cannot read IP mode file for STMicroelectronics.X-CUBE-IPS.3.0.0
2024-12-04 18:39:43,475 [WARN] PackLoader:240 - Cannot read IP mode file for STMicroelectronics.X-CUBE-MEMS1.11.0.0
2024-12-04 18:39:43,585 [WARN] PackLoader:240 - Cannot read IP mode file for STMicroelectronics.X-CUBE-NFC4.3.0.0
2024-12-04 18:39:43,601 [WARN] PackLoader:240 - Cannot read IP mode file for STMicroelectronics.X-CUBE-NFC6.3.1.0
2024-12-04 18:39:43,612 [WARN] PackLoader:240 - Cannot read IP mode file for STMicroelectronics.X-CUBE-NFC7.1.0.1
2024-12-04 18:39:43,628 [WARN] PackLoader:240 - Cannot read IP mode file for STMicroelectronics.X-CUBE-NFC9.1.0.0
2024-12-04 18:39:43,639 [WARN] PackLoader:240 - Cannot read IP mode file for STMicroelectronics.X-CUBE-NFC10.1.0.0
2024-12-04 18:39:43,647 [WARN] PackLoader:240 - Cannot read IP mode file for STMicroelectronics.X-CUBE-SFXS2LP1.4.0.0
2024-12-04 18:39:43,659 [WARN] PackLoader:240 - Cannot read IP mode file for STMicroelectronics.X-CUBE-SAFEA1.1.2.2
2024-12-04 18:39:43,680 [WARN] PackLoader:240 - Cannot read IP mode file for STMicroelectronics.X-CUBE-SUBG2.5.0.0
2024-12-04 18:39:43,692 [WARN] PackLoader:240 - Cannot read IP mode file for STMicroelectronics.X-CUBE-SMBUS.2.1.0
2024-12-04 18:39:43,698 [WARN] PackLoader:240 - Cannot read IP mode file for STMicroelectronics.X-CUBE-TCPP.4.1.0
2024-12-04 18:39:43,711 [WARN] PackLoader:240 - Cannot read IP mode file for STMicroelectronics.X-CUBE-TOF1.3.4.2
2024-12-04 18:39:43,725 [WARN] PackLoader:240 - Cannot read IP mode file for STMicroelectronics.X-CUBE-TOUCHGFX.4.24.1
2024-12-04 18:39:43,734 [WARN] PackLoader:240 - Cannot read IP mode file for STMicroelectronics.X-CUBE-ALGOBUILD.1.4.0
2024-12-04 18:39:43,770 [WARN] PackLoader:240 - Cannot read IP mode file for STMicroelectronics.X-CUBE-AZRTOS-H7.3.3.0
2024-12-04 18:39:44,095 [WARN] PackLoader:240 - Cannot read IP mode file for STMicroelectronics.X-CUBE-AZRTOS-H7RS.1.0.0
2024-12-04 18:39:44,418 [WARN] PackLoader:240 - Cannot read IP mode file for STMicroelectronics.X-CUBE-AZRTOS-F4.1.1.0
2024-12-04 18:39:44,465 [WARN] PackLoader:240 - Cannot read IP mode file for STMicroelectronics.X-CUBE-AZRTOS-F7.1.1.0
2024-12-04 18:39:44,489 [WARN] ConditionMgr:438 - getConditionDescription Invalid condition id : LAN8742 Phy interface Condition cause : null
2024-12-04 18:39:44,490 [WARN] PackLoader:240 - Cannot read IP mode file for STMicroelectronics.X-CUBE-AZRTOS-L4.2.0.0
2024-12-04 18:39:44,492 [WARN] ConditionMgr:1044 - genDependencies : Invalid condition id : LAN8742 Phy interface Condition cause : null
2024-12-04 18:39:44,493 [WARN] ConditionMgr:1044 - genDependencies : Invalid condition id : LAN8742 Phy interface Condition cause : null
2024-12-04 18:39:44,495 [WARN] ConditionMgr:1044 - genDependencies : Invalid condition id : LAN8742 Phy interface Condition cause : null
2024-12-04 18:39:44,512 [WARN] PackLoader:240 - Cannot read IP mode file for STMicroelectronics.X-CUBE-AZRTOS-L5.2.0.0
2024-12-04 18:39:44,526 [WARN] PackLoader:240 - Cannot read IP mode file for STMicroelectronics.X-CUBE-AZRTOS-G0.1.1.0
2024-12-04 18:39:44,539 [WARN] PackLoader:240 - Cannot read IP mode file for STMicroelectronics.X-CUBE-AZRTOS-G4.2.0.0
2024-12-04 18:39:44,549 [WARN] ConditionMgr:438 - getConditionDescription Invalid condition id : UX DEVICE CLASS RTOS Condition cause : null
2024-12-04 18:39:44,549 [WARN] ConditionMgr:438 - getConditionDescription Invalid condition id : UX DEVICE CLASS RTOS Condition cause : null
2024-12-04 18:39:44,552 [WARN] PackLoader:240 - Cannot read IP mode file for STMicroelectronics.X-CUBE-AZRTOS-WB.2.0.0
2024-12-04 18:39:44,553 [WARN] ConditionMgr:1044 - genDependencies : Invalid condition id : UX DEVICE CLASS RTOS Condition cause : null
2024-12-04 18:39:44,553 [WARN] ConditionMgr:1044 - genDependencies : Invalid condition id : UX DEVICE CLASS RTOS Condition cause : null
2024-12-04 18:39:44,553 [WARN] ConditionMgr:1044 - genDependencies : Invalid condition id : UX DEVICE CLASS RTOS Condition cause : null
2024-12-04 18:39:44,554 [WARN] ConditionMgr:1044 - genDependencies : Invalid condition id : UX DEVICE CLASS RTOS Condition cause : null
2024-12-04 18:39:44,554 [WARN] ConditionMgr:1044 - genDependencies : Invalid condition id : UX DEVICE CLASS RTOS Condition cause : null
2024-12-04 18:39:44,562 [INFO] LogOutputStream:77 - [STDOUT_REDIRECT] 1 : Invalid condition id : UX_CORESTACK_Condition cause : null
2024-12-04 18:39:44,575 [INFO] LogOutputStream:77 - [STDOUT_REDIRECT] 1 : Invalid condition id : UX_CORESTACK_Condition cause : null
2024-12-04 18:39:44,580 [INFO] LogOutputStream:77 - [STDOUT_REDIRECT] 1 : Invalid condition id : UX_CORESTACK_Condition cause : null
2024-12-04 18:39:44,580 [INFO] LogOutputStream:77 - [STDOUT_REDIRECT] 1 : Invalid condition id : UX_CORESTACK_Condition cause : null
2024-12-04 18:39:44,581 [INFO] LogOutputStream:77 - [STDOUT_REDIRECT] 1 : Invalid condition id : UX_CORESTACK_Condition cause : null
2024-12-04 18:39:44,586 [WARN] PackLoader:240 - Cannot read IP mode file for STMicroelectronics.X-CUBE-AZRTOS-WL.2.0.0
2024-12-04 18:39:44,637 [WARN] PackLoader:240 - Cannot read IP mode file for STMicroelectronics.X-CUBE-WB05N.1.1.0
2024-12-04 18:39:44,652 [WARN] PackLoader:240 - Cannot read IP mode file for wolfSSL.I-CUBE-wolfSSL.5.7.4
2024-12-04 18:39:44,656 [WARN] PackLoader:240 - Cannot read IP mode file for wolfSSL.I-CUBE-wolfMQTT.1.19.0
2024-12-04 18:39:44,662 [WARN] PackLoader:240 - Cannot read IP mode file for wolfSSL.I-CUBE-wolfTPM.3.4.0
2024-12-04 18:39:44,664 [WARN] PackLoader:240 - Cannot read IP mode file for wolfSSL.I-CUBE-wolfSSH.1.4.17
2024-12-04 18:39:44,667 [WARN] PackLoader:240 - Cannot read IP mode file for RealThread.X-CUBE-RT-Thread_Nano.4.1.1
2024-12-04 18:39:44,727 [WARN] PackLoader:240 - Cannot read IP mode file for SEGGER.I-CUBE-embOS.1.3.1
2024-12-04 18:39:44,768 [WARN] PackLoader:240 - Cannot read IP mode file for portGmbH.I-Cube-SoM-uGOAL.1.1.0
2024-12-04 18:39:44,775 [WARN] PackLoader:240 - Cannot read IP mode file for emotas.I-CUBE-CANOPEN.1.3.0
2024-12-04 18:39:44,780 [WARN] PackLoader:240 - Cannot read IP mode file for WES.I-CUBE-Cesium.1.3.0
2024-12-04 18:39:44,784 [WARN] PackLoader:240 - Cannot read IP mode file for ITTIA_DB.I-CUBE-ITTIADB.8.9.0
2024-12-04 18:39:44,807 [WARN] PackLoader:240 - Cannot read IP mode file for Infineon.AIROC-Wi-Fi-Bluetooth-STM32.1.7.0
2024-12-04 18:39:44,816 [WARN] PackLoader:240 - Cannot read IP mode file for Cesanta.I-CUBE-Mongoose.7.13.0
2024-12-04 18:39:44,865 [WARN] PackLoader:240 - Cannot read IP mode file for EmbeddedOffice.I-CUBE-FS-RTOS.1.0.1
2024-12-04 18:39:44,891 [WARN] ConditionMgr:438 - getConditionDescription Invalid condition id : Cortex-A Device cause : null
2024-12-04 18:39:44,984 [WARN] ConditionMgr:1044 - genDependencies : Invalid condition id : Cortex-A Device cause : null
2024-12-04 18:39:44,985 [WARN] ConditionMgr:1044 - genDependencies : Invalid condition id : Cortex-A Device cause : null
2024-12-04 18:39:44,985 [WARN] ConditionMgr:1044 - genDependencies : Invalid condition id : Cortex-A Device cause : null
2024-12-04 18:39:44,988 [INFO] PopulateThirdPartyThread:66 - Ending populate Thread
2024-12-04 18:39:44,994 [INFO] ThirdParty:1030 - CMSIS Pack Vendor :STMicroelectronics X-CUBE-AZRTOS-H7 3.3.0
2024-12-04 18:39:44,994 [INFO] ThirdParty:1030 - CMSIS Pack Vendor :STMicroelectronics X-CUBE-NFC9 1.0.0
2024-12-04 18:39:44,994 [INFO] ThirdParty:1030 - CMSIS Pack Vendor :STMicroelectronics FP-SNS-MOTENVWB1 1.4.0
2024-12-04 18:39:44,994 [INFO] ThirdParty:1030 - CMSIS Pack Vendor :STMicroelectronics X-CUBE-AZRTOS-F4 1.1.0
2024-12-04 18:39:44,994 [INFO] ThirdParty:1030 - CMSIS Pack Vendor :STMicroelectronics FP-ATR-ASTRA1 2.0.1
2024-12-04 18:39:44,994 [INFO] ThirdParty:1030 - CMSIS Pack Vendor :STMicroelectronics X-CUBE-SMBUS 2.1.0
2024-12-04 18:39:44,994 [INFO] ThirdParty:1030 - CMSIS Pack Vendor :STMicroelectronics X-CUBE-WB05N 1.1.0
2024-12-04 18:39:44,994 [INFO] ThirdParty:1030 - CMSIS Pack Vendor :STMicroelectronics X-CUBE-ISPU 2.1.0
2024-12-04 18:39:44,994 [INFO] ThirdParty:1030 - CMSIS Pack Vendor :STMicroelectronics X-CUBE-TCPP 4.1.0
2024-12-04 18:39:44,994 [INFO] ThirdParty:1030 - CMSIS Pack Vendor :STMicroelectronics X-CUBE-FREERTOS 1.2.0
2024-12-04 18:39:44,994 [INFO] ThirdParty:1030 - CMSIS Pack Vendor :STMicroelectronics X-CUBE-IPS 3.0.0
2024-12-04 18:39:44,994 [INFO] ThirdParty:1030 - CMSIS Pack Vendor :STMicroelectronics X-CUBE-AZRTOS-WB 2.0.0
2024-12-04 18:39:44,994 [INFO] ThirdParty:1030 - CMSIS Pack Vendor :STMicroelectronics X-CUBE-GNSS1 7.0.0
2024-12-04 18:39:44,994 [INFO] ThirdParty:1030 - CMSIS Pack Vendor :STMicroelectronics X-CUBE-AZRTOS-F7 1.1.0
2024-12-04 18:39:44,994 [INFO] ThirdParty:1030 - CMSIS Pack Vendor :STMicroelectronics X-CUBE-AZRTOS-L5 2.0.0
2024-12-04 18:39:44,994 [INFO] ThirdParty:1030 - CMSIS Pack Vendor :STMicroelectronics X-CUBE-NFC6 3.1.0
2024-12-04 18:39:44,994 [INFO] ThirdParty:1030 - CMSIS Pack Vendor :STMicroelectronics FP-SNS-STBOX1 2.0.0
2024-12-04 18:39:44,994 [INFO] ThirdParty:1030 - CMSIS Pack Vendor :STMicroelectronics X-CUBE-MEMS1 11.0.0
2024-12-04 18:39:44,994 [INFO] ThirdParty:1030 - CMSIS Pack Vendor :STMicroelectronics X-CUBE-AZRTOS-G0 1.1.0
2024-12-04 18:39:44,994 [INFO] ThirdParty:1030 - CMSIS Pack Vendor :STMicroelectronics X-CUBE-DPower 1.2.0
2024-12-04 18:39:44,994 [INFO] ThirdParty:1030 - CMSIS Pack Vendor :STMicroelectronics X-CUBE-NFC4 3.0.0
2024-12-04 18:39:44,994 [INFO] ThirdParty:1030 - CMSIS Pack Vendor :STMicroelectronics X-CUBE-SAFEA1 1.2.2
2024-12-04 18:39:44,994 [INFO] ThirdParty:1030 - CMSIS Pack Vendor :STMicroelectronics X-CUBE-SUBG2 5.0.0
2024-12-04 18:39:44,994 [INFO] ThirdParty:1030 - CMSIS Pack Vendor :EmbeddedOffice I-CUBE-FS-RTOS 1.0.1
2024-12-04 18:39:44,994 [INFO] ThirdParty:1030 - CMSIS Pack Vendor :STMicroelectronics FP-SNS-FLIGHT1 5.0.2
2024-12-04 18:39:44,994 [INFO] ThirdParty:1030 - CMSIS Pack Vendor :Cesanta I-CUBE-Mongoose 7.13.0
2024-12-04 18:39:44,994 [INFO] ThirdParty:1030 - CMSIS Pack Vendor :Infineon AIROC-Wi-Fi-Bluetooth-STM32 1.7.0
2024-12-04 18:39:44,994 [INFO] ThirdParty:1030 - CMSIS Pack Vendor :STMicroelectronics X-CUBE-AZRTOS-G4 2.0.0
2024-12-04 18:39:44,994 [INFO] ThirdParty:1030 - CMSIS Pack Vendor :STMicroelectronics X-CUBE-DISPLAY 3.0.0
2024-12-04 18:39:44,994 [INFO] ThirdParty:1030 - CMSIS Pack Vendor :RealThread X-CUBE-RT-Thread_Nano 4.1.1
2024-12-04 18:39:44,994 [INFO] ThirdParty:1030 - CMSIS Pack Vendor :STMicroelectronics FP-ATR-SIGFOX1 3.2.0
2024-12-04 18:39:44,994 [INFO] ThirdParty:1030 - CMSIS Pack Vendor :STMicroelectronics X-CUBE-BLE1 7.0.0
2024-12-04 18:39:44,994 [INFO] ThirdParty:1030 - CMSIS Pack Vendor :STMicroelectronics X-CUBE-NFC10 1.0.0
2024-12-04 18:39:44,994 [INFO] ThirdParty:1030 - CMSIS Pack Vendor :quantropi X-CUBE-qispace-sdk-base 1.9.3
2024-12-04 18:39:44,994 [INFO] ThirdParty:1030 - CMSIS Pack Vendor :STMicroelectronics X-CUBE-EEPRMA1 5.1.0
2024-12-04 18:39:44,994 [INFO] ThirdParty:1030 - CMSIS Pack Vendor :STMicroelectronics X-CUBE-ALS 1.0.2
2024-12-04 18:39:44,994 [INFO] ThirdParty:1030 - CMSIS Pack Vendor :emotas I-CUBE-CANOPEN 1.3.0
2024-12-04 18:39:44,994 [INFO] ThirdParty:1030 - CMSIS Pack Vendor :wolfSSL I-CUBE-wolfSSL 5.7.4
2024-12-04 18:39:44,994 [INFO] ThirdParty:1030 - CMSIS Pack Vendor :STMicroelectronics X-CUBE-NFC7 1.0.1
2024-12-04 18:39:44,994 [INFO] ThirdParty:1030 - CMSIS Pack Vendor :ITTIA_DB I-CUBE-ITTIADB 8.9.0
2024-12-04 18:39:44,994 [INFO] ThirdParty:1030 - CMSIS Pack Vendor :STMicroelectronics X-CUBE-TOUCHGFX 4.24.1
2024-12-04 18:39:44,994 [INFO] ThirdParty:1030 - CMSIS Pack Vendor :wolfSSL I-CUBE-wolfTPM 3.4.0
2024-12-04 18:39:44,994 [INFO] ThirdParty:1030 - CMSIS Pack Vendor :portGmbH I-Cube-SoM-uGOAL 1.1.0
2024-12-04 18:39:44,995 [INFO] ThirdParty:1030 - CMSIS Pack Vendor :STMicroelectronics X-CUBE-BLEMGR 3.1.0
2024-12-04 18:39:44,995 [INFO] ThirdParty:1030 - CMSIS Pack Vendor :STMicroelectronics FP-SNS-SMARTAG2 1.2.0
2024-12-04 18:39:44,995 [INFO] ThirdParty:1030 - CMSIS Pack Vendor :STMicroelectronics X-CUBE-AZRTOS-WL 2.0.0
2024-12-04 18:39:44,995 [INFO] ThirdParty:1030 - CMSIS Pack Vendor :SEGGER I-CUBE-embOS 1.3.1
2024-12-04 18:39:44,995 [INFO] ThirdParty:1030 - CMSIS Pack Vendor :STMicroelectronics X-CUBE-ALGOBUILD 1.4.0
2024-12-04 18:39:44,995 [INFO] ThirdParty:1030 - CMSIS Pack Vendor :STMicroelectronics FP-SNS-MOTENV1 5.0.0
2024-12-04 18:39:44,995 [INFO] ThirdParty:1030 - CMSIS Pack Vendor :STMicroelectronics X-CUBE-AZRTOS-H7RS 1.0.0
2024-12-04 18:39:44,995 [INFO] ThirdParty:1030 - CMSIS Pack Vendor :wolfSSL I-CUBE-wolfMQTT 1.19.0
2024-12-04 18:39:44,995 [INFO] ThirdParty:1030 - CMSIS Pack Vendor :STMicroelectronics X-CUBE-AZRTOS-L4 2.0.0
2024-12-04 18:39:44,995 [INFO] ThirdParty:1030 - CMSIS Pack Vendor :WES I-CUBE-Cesium 1.3.0
2024-12-04 18:39:44,995 [INFO] ThirdParty:1030 - CMSIS Pack Vendor :STMicroelectronics X-CUBE-SFXS2LP1 4.0.0
2024-12-04 18:39:44,995 [INFO] ThirdParty:1030 - CMSIS Pack Vendor :STMicroelectronics X-CUBE-BLE2 3.3.0
2024-12-04 18:39:44,995 [INFO] ThirdParty:1030 - CMSIS Pack Vendor :STMicroelectronics X-CUBE-TOF1 3.4.2
2024-12-04 18:39:44,995 [INFO] ThirdParty:1030 - CMSIS Pack Vendor :STMicroelectronics X-CUBE-AI 9.1.0
2024-12-04 18:39:44,995 [INFO] ThirdParty:1030 - CMSIS Pack Vendor :wolfSSL I-CUBE-wolfSSH 1.4.17
2024-12-04 18:39:44,997 [INFO] LoadServerUpdatesThread:375 - End of LoadServerUpdate Thread
2024-12-04 18:41:44,849 [INFO] McuFinderGlobals:63 - Set McuFinder mode to 2 (CubeIDE integrated)
2024-12-04 18:41:47,125 [INFO] MainUpdater:2872 - connection check result : 10
2024-12-04 18:41:47,126 [INFO] MainUpdater:2872 - connection check result : 10
2024-12-04 18:41:47,873 [INFO] MicroXplorer:468 - Change Database Path : 
2024-12-04 18:41:47,874 [INFO] MicroXplorer:498 - Change Database Version : DB.6.0.130
2024-12-04 18:41:47,877 [WARN] ThirdParty:871 - waiting for thirdparty lock release [close project]
2024-12-04 18:41:47,877 [INFO] ThirdParty:873 - entering critical section [close project]
2024-12-04 18:41:47,886 [INFO] ThirdParty:883 - exiting critical section [close project]
2024-12-04 18:41:47,893 [INFO] PinOutPanel:1589 - setPackage(No Configuration,No Configuration)
2024-12-04 18:41:47,906 [INFO] UtilMem:75 - Begin LoadConfig() Used Memory: 767632416 Bytes (951058432)
2024-12-04 18:45:54,525 [ERROR] LogOutputStream:75 - [STDERR_REDIRECT] 
